Starting Sweep on 29 topics...
Both GOOGLE_API_KEY and GEMINI_API_KEY are set. Using GOOGLE_API_KEY.

(1/29) Researching: Tioga County Emergency Monitoring
Successfully ingested research for: Tioga County Emergency Monitoring

(2/29) Researching: GMRS Operations (WRZN267)
Successfully ingested research for: GMRS Operations (WRZN267)

(3/29) Researching: VHF Marine Radio
Successfully ingested research for: VHF Marine Radio

(4/29) Researching: HAM Radio HF Propagation
Successfully ingested research for: HAM Radio HF Propagation

(5/29) Researching: Meshtastic / LoRa Mesh
Successfully ingested research for: Meshtastic / LoRa Mesh

(6/29) Researching: ADS-B Aircraft Tracking
Successfully ingested research for: ADS-B Aircraft Tracking

(7/29) Researching: Antenna Design
Successfully ingested research for: Antenna Design

(8/29) Researching: SDR Monitoring
Successfully ingested research for: SDR Monitoring

(9/29) Researching: HAM Callsign Lookup Tool
Successfully ingested research for: HAM Callsign Lookup Tool

(10/29) Researching: Kayaking Pine Creek Gorge
Successfully ingested research for: Kayaking Pine Creek Gorge

(11/29) Researching: Kayaking Susquehanna River
Successfully ingested research for: Kayaking Susquehanna River

(12/29) Researching: Fishing
Successfully ingested research for: Fishing

(13/29) Researching: Geocaching
Successfully ingested research for: Geocaching

(14/29) Researching: Camping
Successfully ingested research for: Camping

(15/29) Researching: Sailboat Maintenance (O'Day 27)
Successfully ingested research for: Sailboat Maintenance (O'Day 27)

(16/29) Researching: Financial Independence
Successfully ingested research for: Financial Independence

(17/29) Researching: Property Management
Successfully ingested research for: Property Management

(18/29) Researching: Digital Second Brain
Successfully ingested research for: Digital Second Brain

(19/29) Researching: UCR Research Computing
Successfully ingested research for: UCR Research Computing

(20/29) Researching: AI Game Development
Successfully ingested research for: AI Game Development

(21/29) Researching: Web Mapping & Visualization
Successfully ingested research for: Web Mapping & Visualization

(22/29) Researching: Workflow Automation
Successfully ingested research for: Workflow Automation

(23/29) Researching: AI Prompt Engineering
Successfully ingested research for: AI Prompt Engineering

(24/29) Researching: Simulation Modeling
Successfully ingested research for: Simulation Modeling

(25/29) Researching: HPC Architecture
Successfully ingested research for: HPC Architecture

(26/29) Researching: Cloud HPC
Successfully ingested research for: Cloud HPC

(27/29) Researching: HPC Monitoring & Metrics
Successfully ingested research for: HPC Monitoring & Metrics

(28/29) Researching: Linux Systems Administration
Successfully ingested research for: Linux Systems Administration

(29/29) Researching: Research IT Governance
Successfully ingested research for: Research IT Governance
Sweep Complete!
