Starting Dynamic Browser Sweep...
Dynamic Scrape: http://sdr.websdrmaasbree.nl:8902/
Ingested: Title: Dynamic Web Extraction - http://sdr.websdrmaasbree.nl:8902/
Dynamic Scrape: https://www.broadcastify.com/listen/top
Ingested: Title: Dynamic Web Extraction - 
https://www.broadcastify.com/listen/top
Dynamic Scrape: https://www.broadcastify.com/listen/ctid/2299
Ingested: Title: Dynamic Web Extraction - 
https://www.broadcastify.com/listen/ctid/2299
Dynamic Scrape: https://www.broadcastify.com/listen/ctid/2271
Ingested: Title: Dynamic Web Extraction - 
https://www.broadcastify.com/listen/ctid/2271
Dynamic Scrape: https://www.broadcastify.com/listen/ctid/2263
Ingested: Title: Dynamic Web Extraction - 
https://www.broadcastify.com/listen/ctid/2263
Dynamic Scrape: https://www.broadcastify.com/listen/ctid/1830
Ingested: Title: Dynamic Web Extraction - 
https://www.broadcastify.com/listen/ctid/1830
Dynamic Scrape: https://www.broadcastify.com/listen/ctid/2285
Ingested: Title: Dynamic Web Extraction - 
https://www.broadcastify.com/listen/ctid/2285
Dynamic Scrape: https://www.broadcastify.com/listen/ctid/2277
Ingested: Title: Dynamic Web Extraction - 
https://www.broadcastify.com/listen/ctid/2277
Dynamic Scrape: https://deflock.org/map#map=10/42.052352/-76.600113
